////////////////////////////////////////////////////////////////
    Date: 3/23/2017 7:33:54 PM
Assembly: Gnomoria.exe
 Version: 1.0.0.0
   World: world02
 Message: Object reference not set to an instance of an object.
////////////////////////////////////////////////////////////////
   at Game.GUI.ViewTileUI.cb3b1c7ae68d4a14a899dff25935bc92b()
   at Game.GUI.ViewTileUI..ctor(Manager manager, MapCell cell)
   at Game.GUI.TileSelectionManager.c9d6e4f38d80358811f61c54159c7168a(MapCell c4bef12c5be3541105f24cdf8c019cc28)
   at Game.GUI.TileSelectionManager.HandleInput(Single dt)
   at Game.Region.Update(Single dt)
   at Game.World.Update(Single dt)
   at Game.GnomanEmpire.cce48101c3be44fa5bd8b6826610afdec(Single c98206223a14c41d705f29e408e0b44cd)
   at Game.GnomanEmpire.Update(GameTime gameTime)
   at Microsoft.Xna.Framework.Game.Tick()
   at Microsoft.Xna.Framework.Game.HostIdle(Object sender, EventArgs e)
   at Microsoft.Xna.Framework.GameHost.OnIdle()
   at Microsoft.Xna.Framework.WindowsGameHost.RunOneFrame()
   at Microsoft.Xna.Framework.WindowsGameHost.ApplicationIdle(Object sender, EventArgs e)
   at System.Windows.Forms.Application.ThreadContext.System.Windows.Forms.UnsafeNativeMethods.IMsoComponent.FDoIdle(Int32 grfidlef)
   at System.Windows.Forms.Application.ComponentManager.System.Windows.Forms.UnsafeNativeMethods.IMsoComponentManager.FPushMessageLoop(IntPtr dwComponentID, Int32 reason, Int32 pvLoopData)
   at System.Windows.Forms.Application.ThreadContext.RunMessageLoopInner(Int32 reason, ApplicationContext context)
   at System.Windows.Forms.Application.ThreadContext.RunMessageLoop(Int32 reason, ApplicationContext context)
   at System.Windows.Forms.Application.Run(Form mainForm)
   at Microsoft.Xna.Framework.WindowsGameHost.Run()
   at Microsoft.Xna.Framework.Game.RunGame(Boolean useBlockingRun)
   at A.cebc1c67c4a164a49b1c279b0006957be.c49a93168dc3d77742f5742786a5b60b9(String[] c51864dddd6353b79e1a34e131a62f09a)
////////////////////////////////////////////////////////////////

////////////////////////////////////////////////////////////////
    Date: 3/23/2017 7:45:48 PM
Assembly: Gnomoria.exe
 Version: 1.0.0.0
   World: world02
 Message: Object reference not set to an instance of an object.
////////////////////////////////////////////////////////////////
   at Game.GUI.ViewTileUI.cb3b1c7ae68d4a14a899dff25935bc92b()
   at Game.GUI.ViewTileUI..ctor(Manager manager, MapCell cell)
   at Game.GUI.TileSelectionManager.c9d6e4f38d80358811f61c54159c7168a(MapCell c4bef12c5be3541105f24cdf8c019cc28)
   at Game.GUI.TileSelectionManager.HandleInput(Single dt)
   at Game.Region.Update(Single dt)
   at Game.World.Update(Single dt)
   at Game.GnomanEmpire.cce48101c3be44fa5bd8b6826610afdec(Single c98206223a14c41d705f29e408e0b44cd)
   at Game.GnomanEmpire.Update(GameTime gameTime)
   at Microsoft.Xna.Framework.Game.Tick()
   at Microsoft.Xna.Framework.Game.HostIdle(Object sender, EventArgs e)
   at Microsoft.Xna.Framework.GameHost.OnIdle()
   at Microsoft.Xna.Framework.WindowsGameHost.RunOneFrame()
   at Microsoft.Xna.Framework.WindowsGameHost.ApplicationIdle(Object sender, EventArgs e)
   at System.Windows.Forms.Application.ThreadContext.System.Windows.Forms.UnsafeNativeMethods.IMsoComponent.FDoIdle(Int32 grfidlef)
   at System.Windows.Forms.Application.ComponentManager.System.Windows.Forms.UnsafeNativeMethods.IMsoComponentManager.FPushMessageLoop(IntPtr dwComponentID, Int32 reason, Int32 pvLoopData)
   at System.Windows.Forms.Application.ThreadContext.RunMessageLoopInner(Int32 reason, ApplicationContext context)
   at System.Windows.Forms.Application.ThreadContext.RunMessageLoop(Int32 reason, ApplicationContext context)
   at System.Windows.Forms.Application.Run(Form mainForm)
   at Microsoft.Xna.Framework.WindowsGameHost.Run()
   at Microsoft.Xna.Framework.Game.RunGame(Boolean useBlockingRun)
   at A.cebc1c67c4a164a49b1c279b0006957be.c49a93168dc3d77742f5742786a5b60b9(String[] c51864dddd6353b79e1a34e131a62f09a)
////////////////////////////////////////////////////////////////

////////////////////////////////////////////////////////////////
    Date: 3/24/2017 2:54:10 AM
Assembly: Gnomoria.exe
 Version: 1.0.0.0
   World: world02
 Message: Collection was modified; enumeration operation may not execute.
////////////////////////////////////////////////////////////////
   at System.ThrowHelper.ThrowInvalidOperationException(ExceptionResource resource)
   at System.Collections.Generic.List`1.Enumerator.MoveNextRare()
   at System.Collections.Generic.List`1.Enumerator.MoveNext()
   at Game.GameEntityManager.c888bc36af8719ea94bfb1f01dc886761()
   at Game.GameEntityManager.Update(Single dt)
   at Game.GnomanEmpire.cce48101c3be44fa5bd8b6826610afdec(Single c98206223a14c41d705f29e408e0b44cd)
   at Game.GnomanEmpire.Update(GameTime gameTime)
   at Microsoft.Xna.Framework.Game.Tick()
   at Microsoft.Xna.Framework.Game.HostIdle(Object sender, EventArgs e)
   at Microsoft.Xna.Framework.GameHost.OnIdle()
   at Microsoft.Xna.Framework.WindowsGameHost.RunOneFrame()
   at Microsoft.Xna.Framework.WindowsGameHost.ApplicationIdle(Object sender, EventArgs e)
   at System.Windows.Forms.Application.ThreadContext.System.Windows.Forms.UnsafeNativeMethods.IMsoComponent.FDoIdle(Int32 grfidlef)
   at System.Windows.Forms.Application.ComponentManager.System.Windows.Forms.UnsafeNativeMethods.IMsoComponentManager.FPushMessageLoop(IntPtr dwComponentID, Int32 reason, Int32 pvLoopData)
   at System.Windows.Forms.Application.ThreadContext.RunMessageLoopInner(Int32 reason, ApplicationContext context)
   at System.Windows.Forms.Application.ThreadContext.RunMessageLoop(Int32 reason, ApplicationContext context)
   at System.Windows.Forms.Application.Run(Form mainForm)
   at Microsoft.Xna.Framework.WindowsGameHost.Run()
   at Microsoft.Xna.Framework.Game.RunGame(Boolean useBlockingRun)
   at A.cebc1c67c4a164a49b1c279b0006957be.c49a93168dc3d77742f5742786a5b60b9(String[] c51864dddd6353b79e1a34e131a62f09a)
////////////////////////////////////////////////////////////////

////////////////////////////////////////////////////////////////
    Date: 3/24/2017 3:43:41 AM
Assembly: Gnomoria.exe
 Version: 1.0.0.0
   World: world02
 Message: Collection was modified; enumeration operation may not execute.
////////////////////////////////////////////////////////////////
   at System.ThrowHelper.ThrowInvalidOperationException(ExceptionResource resource)
   at System.Collections.Generic.List`1.Enumerator.MoveNextRare()
   at System.Collections.Generic.List`1.Enumerator.MoveNext()
   at Game.GameEntityManager.c888bc36af8719ea94bfb1f01dc886761()
   at Game.GameEntityManager.Update(Single dt)
   at Game.GnomanEmpire.cce48101c3be44fa5bd8b6826610afdec(Single c98206223a14c41d705f29e408e0b44cd)
   at Game.GnomanEmpire.Update(GameTime gameTime)
   at Microsoft.Xna.Framework.Game.Tick()
   at Microsoft.Xna.Framework.Game.HostIdle(Object sender, EventArgs e)
   at Microsoft.Xna.Framework.GameHost.OnIdle()
   at Microsoft.Xna.Framework.WindowsGameHost.RunOneFrame()
   at Microsoft.Xna.Framework.WindowsGameHost.ApplicationIdle(Object sender, EventArgs e)
   at System.Windows.Forms.Application.ThreadContext.System.Windows.Forms.UnsafeNativeMethods.IMsoComponent.FDoIdle(Int32 grfidlef)
   at System.Windows.Forms.Application.ComponentManager.System.Windows.Forms.UnsafeNativeMethods.IMsoComponentManager.FPushMessageLoop(IntPtr dwComponentID, Int32 reason, Int32 pvLoopData)
   at System.Windows.Forms.Application.ThreadContext.RunMessageLoopInner(Int32 reason, ApplicationContext context)
   at System.Windows.Forms.Application.ThreadContext.RunMessageLoop(Int32 reason, ApplicationContext context)
   at System.Windows.Forms.Application.Run(Form mainForm)
   at Microsoft.Xna.Framework.WindowsGameHost.Run()
   at Microsoft.Xna.Framework.Game.RunGame(Boolean useBlockingRun)
   at A.cebc1c67c4a164a49b1c279b0006957be.c49a93168dc3d77742f5742786a5b60b9(String[] c51864dddd6353b79e1a34e131a62f09a)
////////////////////////////////////////////////////////////////

////////////////////////////////////////////////////////////////
    Date: 3/25/2017 11:41:07 AM
Assembly: Gnomoria.exe
 Version: 1.0.0.0
   World: 
 Message: Begin must be called successfully before End can be called.
////////////////////////////////////////////////////////////////
   at Microsoft.Xna.Framework.Graphics.SpriteBatch.End()
   at Game.GnomanEmpire.Draw(GameTime gameTime)
   at Microsoft.Xna.Framework.Game.DrawFrame()
   at Microsoft.Xna.Framework.Game.Tick()
   at Microsoft.Xna.Framework.Game.HostIdle(Object sender, EventArgs e)
   at Microsoft.Xna.Framework.GameHost.OnIdle()
   at Microsoft.Xna.Framework.WindowsGameHost.RunOneFrame()
   at Microsoft.Xna.Framework.WindowsGameHost.ApplicationIdle(Object sender, EventArgs e)
   at System.Windows.Forms.Application.ThreadContext.System.Windows.Forms.UnsafeNativeMethods.IMsoComponent.FDoIdle(Int32 grfidlef)
   at System.Windows.Forms.Application.ComponentManager.System.Windows.Forms.UnsafeNativeMethods.IMsoComponentManager.FPushMessageLoop(IntPtr dwComponentID, Int32 reason, Int32 pvLoopData)
   at System.Windows.Forms.Application.ThreadContext.RunMessageLoopInner(Int32 reason, ApplicationContext context)
   at System.Windows.Forms.Application.ThreadContext.RunMessageLoop(Int32 reason, ApplicationContext context)
   at System.Windows.Forms.Application.Run(Form mainForm)
   at Microsoft.Xna.Framework.WindowsGameHost.Run()
   at Microsoft.Xna.Framework.Game.RunGame(Boolean useBlockingRun)
   at A.cebc1c67c4a164a49b1c279b0006957be.c49a93168dc3d77742f5742786a5b60b9(String[] c51864dddd6353b79e1a34e131a62f09a)
////////////////////////////////////////////////////////////////

////////////////////////////////////////////////////////////////
    Date: 3/25/2017 2:20:30 PM
Assembly: Gnomoria.exe
 Version: 1.0.0.0
   World: world01
 Message: Collection was modified; enumeration operation may not execute.
////////////////////////////////////////////////////////////////
   at System.ThrowHelper.ThrowInvalidOperationException(ExceptionResource resource)
   at System.Collections.Generic.List`1.Enumerator.MoveNextRare()
   at System.Collections.Generic.List`1.Enumerator.MoveNext()
   at Game.GameEntityManager.c888bc36af8719ea94bfb1f01dc886761()
   at Game.GameEntityManager.Update(Single dt)
   at Game.GnomanEmpire.cce48101c3be44fa5bd8b6826610afdec(Single c98206223a14c41d705f29e408e0b44cd)
   at Game.GnomanEmpire.Update(GameTime gameTime)
   at Microsoft.Xna.Framework.Game.Tick()
   at Microsoft.Xna.Framework.Game.HostIdle(Object sender, EventArgs e)
   at Microsoft.Xna.Framework.GameHost.OnIdle()
   at Microsoft.Xna.Framework.WindowsGameHost.RunOneFrame()
   at Microsoft.Xna.Framework.WindowsGameHost.ApplicationIdle(Object sender, EventArgs e)
   at System.Windows.Forms.Application.ThreadContext.System.Windows.Forms.UnsafeNativeMethods.IMsoComponent.FDoIdle(Int32 grfidlef)
   at System.Windows.Forms.Application.ComponentManager.System.Windows.Forms.UnsafeNativeMethods.IMsoComponentManager.FPushMessageLoop(IntPtr dwComponentID, Int32 reason, Int32 pvLoopData)
   at System.Windows.Forms.Application.ThreadContext.RunMessageLoopInner(Int32 reason, ApplicationContext context)
   at System.Windows.Forms.Application.ThreadContext.RunMessageLoop(Int32 reason, ApplicationContext context)
   at System.Windows.Forms.Application.Run(Form mainForm)
   at Microsoft.Xna.Framework.WindowsGameHost.Run()
   at Microsoft.Xna.Framework.Game.RunGame(Boolean useBlockingRun)
   at A.cebc1c67c4a164a49b1c279b0006957be.c49a93168dc3d77742f5742786a5b60b9(String[] c51864dddd6353b79e1a34e131a62f09a)
////////////////////////////////////////////////////////////////

////////////////////////////////////////////////////////////////
    Date: 3/25/2017 2:20:30 PM
Assembly: Gnomoria.exe
 Version: 1.0.0.0
   World: world01
 Message: Collection was modified; enumeration operation may not execute.
////////////////////////////////////////////////////////////////
   at System.ThrowHelper.ThrowInvalidOperationException(ExceptionResource resource)
   at System.Collections.Generic.List`1.Enumerator.MoveNextRare()
   at System.Collections.Generic.List`1.Enumerator.MoveNext()
   at Game.GameEntityManager.c888bc36af8719ea94bfb1f01dc886761()
   at Game.GameEntityManager.Update(Single dt)
   at Game.GnomanEmpire.cce48101c3be44fa5bd8b6826610afdec(Single c98206223a14c41d705f29e408e0b44cd)
   at Game.GnomanEmpire.Update(GameTime gameTime)
   at Microsoft.Xna.Framework.Game.Tick()
   at Microsoft.Xna.Framework.Game.HostIdle(Object sender, EventArgs e)
   at Microsoft.Xna.Framework.GameHost.OnIdle()
   at Microsoft.Xna.Framework.WindowsGameHost.RunOneFrame()
   at Microsoft.Xna.Framework.WindowsGameHost.ApplicationIdle(Object sender, EventArgs e)
   at System.Windows.Forms.Application.ThreadContext.System.Windows.Forms.UnsafeNativeMethods.IMsoComponent.FDoIdle(Int32 grfidlef)
   at System.Windows.Forms.Application.ComponentManager.System.Windows.Forms.UnsafeNativeMethods.IMsoComponentManager.FPushMessageLoop(IntPtr dwComponentID, Int32 reason, Int32 pvLoopData)
   at System.Windows.Forms.Application.ThreadContext.RunMessageLoopInner(Int32 reason, ApplicationContext context)
   at System.Windows.Forms.Application.ThreadContext.RunMessageLoop(Int32 reason, ApplicationContext context)
   at System.Windows.Forms.Application.Run(Form mainForm)
   at Microsoft.Xna.Framework.WindowsGameHost.Run()
   at Microsoft.Xna.Framework.Game.RunGame(Boolean useBlockingRun)
   at A.cebc1c67c4a164a49b1c279b0006957be.c49a93168dc3d77742f5742786a5b60b9(String[] c51864dddd6353b79e1a34e131a62f09a)
////////////////////////////////////////////////////////////////

